<?xml version="1.0" encoding="UTF-8"?>
<testng-results ignored="0" total="1" passed="1" failed="0" skipped="0">
  <reporter-output>
  </reporter-output>
  <suite started-at="2023-10-17T17:45:57 IST" name="Default suite" finished-at="2023-10-17T17:46:42 IST" duration-ms="45032">
    <groups>
    </groups>
    <test started-at="2023-10-17T17:45:57 IST" name="Default test" finished-at="2023-10-17T17:46:42 IST" duration-ms="45032">
      <class name="EdurekaProject.EdurekaCertificationProject.Login_Tests">
        <test-method signature="signIn()[pri:0, instance:EdurekaProject.EdurekaCertificationProject.Login_Tests@293a5bf6]" started-at="2023-10-17T17:45:57 IST" name="signIn" finished-at="2023-10-17T17:46:42 IST" duration-ms="44919" status="PASS">
          <reporter-output>
          </reporter-output>
        </test-method> <!-- signIn -->
      </class> <!-- EdurekaProject.EdurekaCertificationProject.Login_Tests -->
    </test> <!-- Default test -->
  </suite> <!-- Default suite -->
</testng-results>
